<?xml version="1.0" encoding="UTF-8"?>
<!-- Generated by org.testng.reporters.JUnitReportReporter -->
<testsuite hostname="DESKTOP-J1CGGHU" failures="0" tests="1" name="WebDriverManager.WDMTest" time="11.527" errors="0" timestamp="2021-03-07T21:15:48 IST" skipped="0">
  <testcase classname="WebDriverManager.WDMTest" name="facebookTest" time="11.527"/>
  <system-out/>
</testsuite> <!-- WebDriverManager.WDMTest -->
